Failed to export to ONNX: No module named 'onnxscript'
Failed to init game: module 'dm_ai_module' has no attribute 'GameInterface'
FAILED tests/ai/test_pomdp_bindings.py::test_pomdp_basic - TypeError: initial...
FAILED tests/ai/test_pomdp_deck_vs_hand.py::test_deck_vs_hand_penalty - Attri...
FAILED tests/ai/test_pomdp_integration.py::test_parametric_belief_integration
FAILED tests/ai/test_pomdp_trace_battle.py::test_battle_trace_reduces_prob - ...
FAILED tests/ai/test_pomdp_trace_graveyard.py::test_graveyard_trace_reduces_prob
FAILED tests/ai/test_pomdp_trace_integration.py::test_trace_monotonic_penalty
FAILED tests/ai/test_pomdp_trace_shield.py::test_shield_trace_reduces_prob - ...
FAILED tests/ai/test_pomdp_transition.py::test_transition_reveal_penalty - At...
FAILED tests/ai/test_pomdp_weights.py::test_weights_make_hand_stronger_than_deck
FAILED tests/ai/test_verify_transformer_support.py::test_neural_evaluator_transformer_mode
FAILED tests/gui/test_card_editor_v2.py::TestCardEditorV2::test_add_revolution_change
FAILED tests/integration/test_atomic_actions.py::test_draw_card - assert 2 ==...
FAILED tests/integration/test_atomic_actions.py::test_break_shield - assert 1...
FAILED tests/integration/test_atomic_actions.py::test_condition_system - asse...
FAILED tests/integration/test_cip_and_spell.py::test_spell_return_to_hand - I...
FAILED tests/integration/test_engine_basics.py::TestEngineBasics::test_mana_charge
FAILED tests/integration/test_engine_basics.py::TestEngineBasics::test_attack_player
FAILED tests/integration/test_grant_keyword.py::test_grant_speed_attacker - A...
FAILED tests/integration/test_integrated_mechanics.py::test_revolution_change_flow
FAILED tests/integration/test_integrated_mechanics.py::test_deck_search_logic
FAILED tests/integration/test_integrated_mechanics.py::test_multi_civilization_mana
FAILED tests/integration/test_just_diver.py::test_just_diver - AssertionError...
FAILED tests/integration/test_just_diver_attack.py::test_just_diver_attack - ...
FAILED tests/integration/test_lethal_solver_advanced.py::TestLethalSolverAdvanced::test_blocker_optimal_play
FAILED tests/integration/test_lethal_solver_advanced.py::TestLethalSolverAdvanced::test_unblockable_lethal
FAILED tests/integration/test_ninja_strike.py::test_ninja_strike_flow - Attri...
FAILED tests/integration/test_search_shield.py::test_search_deck_bottom - Ass...
FAILED tests/scenarios/test_puzzle_lethal_easy.py::test_lethal_puzzle_easy_integration
FAILED tests/test_action_converter.py::TestActionConverter::test_move_card_generic_discard
FAILED tests/test_phase1_commands.py::TestCommandExecution::test_return_to_hand_command
FAILED tests/test_phase1_commands.py::TestCommandExecution::test_tap_command
FAILED tests/test_phase1_commands.py::TestCommandExecution::test_untap_command
FAILED tests/test_phase2_integration.py::TestPhase2Integration::test_legacy_tap_action_flow
FAILED tests/test_phase6_schema.py::TestPhase6Schema::test_zone_normalization
FAILED tests/test_unmapped_actions.py::TestUnmappedActions::test_high_priority_mappings
FAILED tests/unit/test_action_conversion.py::test_convert_move_card_return_to_hand
FAILED tests/unit/test_action_converter_play_look.py::test_play_from_zone_conversion_with_cost_and_source
FAILED tests/unit/test_action_converter_under_reset_token.py::test_move_to_under_card_conversion
FAILED tests/unit/test_action_converter_under_reset_token.py::test_reset_instance_conversion
FAILED tests/unit/test_action_mapper.py::TestActionMapper::test_basic_move - ...
FAILED tests/unit/test_action_mapper.py::TestActionMapper::test_numeric_normalization
FAILED tests/unit/test_action_mapper.py::TestActionMapper::test_options_recursion
FAILED tests/unit/test_card_stats.py::test_card_stats_win_contribution - Asse...
FAILED tests/unit/test_card_stats_bindings.py::test_initialize_and_vectorize_defaults
FAILED tests/unit/test_commands_new.py::TestCommandsNew::test_wrap_legacy_action
FAILED tests/unit/test_effect_compiler.py::test_search_handler_execution - as...
FAILED tests/unit/test_enum_consistency.py::test_effect_action_type_consistency
FAILED tests/unit/test_enum_consistency.py::test_trigger_type_consistency - A...
FAILED tests/unit/test_game_command.py::test_flow_command - assert <Phase.MAI...
FAILED tests/unit/test_json_keywords.py::TestJsonKeywords::test_load_json_keywords
FAILED tests/unit/test_variable_system.py::test_variable_linking_count_cards
FAILED tests/unit/test_variable_system.py::test_variable_linking_get_stat - a...
