tests\unit\test_effect_compiler.py:8: error: Need type annotation for "card_db" (hint: "card_db: dict[<type>, <type>] = ...")  [var-annotated]
tests\unit\test_effect_compiler.py:17: error: Need type annotation for "ctx" (hint: "ctx: dict[<type>, <type>] = ...")  [var-annotated]
tests\unit\test_effect_compiler.py:37: error: Need type annotation for "card_db" (hint: "card_db: dict[<type>, <type>] = ...")  [var-annotated]
tests\unit\test_effect_compiler.py:49: error: Need type annotation for "ctx" (hint: "ctx: dict[<type>, <type>] = ...")  [var-annotated]
tests\unit\test_effect_compiler.py:69: error: Need type annotation for "card_db" (hint: "card_db: dict[<type>, <type>] = ...")  [var-annotated]
tests\unit\test_effect_compiler.py:79: error: Need type annotation for "ctx" (hint: "ctx: dict[<type>, <type>] = ...")  [var-annotated]
tests\unit\test_effect_compiler.py:109: error: Need type annotation for "ctx" (hint: "ctx: dict[<type>, <type>] = ...")  [var-annotated]
tests\integration\test_phase6_reaction.py:30: error: Need type annotation for "effs" (hint: "effs: list[<type>] = ...")  [var-annotated]
tests\integration\test_complex_instructions.py:29: error: Need type annotation for "ctx" (hint: "ctx: dict[<type>, <type>] = ...")  [var-annotated]
dm_toolkit\gui\localization.py:503: error: Returning Any from function declared to return "str"  [no-any-return]
dm_toolkit\gui\localization.py:515: error: Returning Any from function declared to return "str"  [no-any-return]
dm_toolkit\gui\editor\text_generator.py:164: error: Incompatible return value type (got "list[str]", expected "str")  [return-value]
dm_toolkit\gui\editor\text_generator.py:216: error: Incompatible return value type (got "str", expected "list[str]")  [return-value]
dm_toolkit\gui\editor\action_converter.py:167: error: Unsupported left operand type for + ("object")  [operator]
tests\ai\test_pomdp_trace_shield.py:41: error: Argument 1 to "sum" has incompatible type "Any | None"; expected "Iterable[bool]"  [arg-type]
tests\ai\test_pomdp_trace_shield.py:42: error: Value of type "Any | None" is not indexable  [index]
tests\ai\test_pomdp_trace_graveyard.py:41: error: Argument 1 to "sum" has incompatible type "Any | None"; expected "Iterable[bool]"  [arg-type]
tests\ai\test_pomdp_trace_graveyard.py:42: error: Value of type "Any | None" is not indexable  [index]
tests\ai\test_pomdp_trace_battle.py:41: error: Argument 1 to "sum" has incompatible type "Any | None"; expected "Iterable[bool]"  [arg-type]
tests\ai\test_pomdp_trace_battle.py:42: error: Value of type "Any | None" is not indexable  [index]
python\training\evolve_meta.py:26: error: Need type annotation for "civ_groups"  [var-annotated]
python\training\evolve_meta.py:40: error: Need type annotation for "deck" (hint: "deck: list[<type>] = ...")  [var-annotated]
dm_toolkit\training\evolution_ecosystem.py:231: error: Need type annotation for "card_counts" (hint: "card_counts: dict[<type>, <type>] = ...")  [var-annotated]
dm_toolkit\ai\analytics\deck_consistency.py:38: error: Need type annotation for "seen_cards" (hint: "seen_cards: set[<type>] = ...")  [var-annotated]
dm_toolkit\gui\editor\data_manager.py:18: error: Need type annotation for "templates"  [var-annotated]
dm_toolkit\gui\editor\data_manager.py:128: error: Item "None" of "QStandardItem | None" has no attribute "rowCount"  [union-attr]
dm_toolkit\gui\editor\data_manager.py:129: error: Item "None" of "QStandardItem | None" has no attribute "child"  [union-attr]
dm_toolkit\gui\editor\data_manager.py:345: error: Item "None" of "QStandardItem | None" has no attribute "data"  [union-attr]
dm_toolkit\gui\editor\data_manager.py:357: error: Item "None" of "QStandardItem | None" has no attribute "appendRow"  [union-attr]
dm_toolkit\gui\editor\data_manager.py:586: error: Item "None" of "QStandardItem | None" has no attribute "rowCount"  [union-attr]
dm_toolkit\gui\editor\data_manager.py:587: error: Item "None" of "QStandardItem | None" has no attribute "child"  [union-attr]
dm_toolkit\gui\editor\data_manager.py:588: error: Item "None" of "QStandardItem | Any | None" has no attribute "data"  [union-attr]
dm_toolkit\gui\widgets\stack_view.py:33: error: Cannot assign to a method  [method-assign]
dm_toolkit\gui\widgets\stack_view.py:33: error: Incompatible types in assignment (expression has type "QVBoxLayout", variable has type "Callable[[], QLayout | None]")  [assignment]
dm_toolkit\gui\widgets\stack_view.py:37: error: "Callable[[], QLayout | None]" has no attribute "addLayout"  [attr-defined]
dm_toolkit\gui\widgets\stack_view.py:41: error: Item "None" of "QAbstractItemModel | None" has no attribute "rowsMoved"  [union-attr]
dm_toolkit\gui\widgets\stack_view.py:42: error: "Callable[[], QLayout | None]" has no attribute "addWidget"  [attr-defined]
dm_toolkit\gui\widgets\stack_view.py:53: error: "Callable[[], QLayout | None]" has no attribute "addLayout"  [attr-defined]
dm_toolkit\gui\widgets\scenario_tools.py:404: error: Incompatible types in assignment (expression has type "list[Any]", target has type "int")  [assignment]
dm_toolkit\gui\widgets\mcts_graph_view.py:9: error: Cannot assign to a method  [method-assign]
dm_toolkit\gui\widgets\mcts_graph_view.py:9: error: Incompatible types in assignment (expression has type "QGraphicsScene", variable has type "Callable[[], QGraphicsScene | None]")  [assignment]
dm_toolkit\gui\widgets\mcts_graph_view.py:10: error: Argument 1 to "setScene" of "QGraphicsView" has incompatible type "Callable[[], QGraphicsScene | None]"; expected "QGraphicsScene | None"  [arg-type]
dm_toolkit\gui\widgets\mcts_graph_view.py:16: error: "Callable[[], QGraphicsScene | None]" has no attribute "clear"  [attr-defined]
dm_toolkit\gui\widgets\mcts_graph_view.py:89: error: "Callable[[], QGraphicsScene | None]" has no attribute "addEllipse"  [attr-defined]
dm_toolkit\gui\widgets\mcts_graph_view.py:101: error: "Callable[[], QGraphicsScene | None]" has no attribute "addItem"  [attr-defined]
dm_toolkit\gui\widgets\mcts_graph_view.py:108: error: "Callable[[], QGraphicsScene | None]" has no attribute "addItem"  [attr-defined]
dm_toolkit\gui\widgets\mcts_graph_view.py:114: error: "Callable[[], QGraphicsScene | None]" has no attribute "addItem"  [attr-defined]
dm_toolkit\gui\widgets\loop_recorder.py:13: error: Cannot assign to a method  [method-assign]
dm_toolkit\gui\widgets\loop_recorder.py:13: error: Incompatible types in assignment (expression has type "QVBoxLayout", variable has type "Callable[[], QLayout | None]")  [assignment]
dm_toolkit\gui\widgets\loop_recorder.py:16: error: "Callable[[], QLayout | None]" has no attribute "addWidget"  [attr-defined]
dm_toolkit\gui\widgets\loop_recorder.py:28: error: "Callable[[], QLayout | None]" has no attribute "addLayout"  [attr-defined]
dm_toolkit\gui\widgets\loop_recorder.py:32: error: "Callable[[], QLayout | None]" has no attribute "addWidget"  [attr-defined]
dm_toolkit\gui\editor\forms\parts\reaction_widget.py:203: error: Item "None" of "QListWidgetItem | None" has no attribute "setText"  [union-attr]
dm_toolkit\gui\editor\forms\parts\card_search.py:61: error: Item "None" of "QWidget | None" has no attribute "setAcceptDrops"  [union-attr]
dm_toolkit\gui\editor\logic_tree.py:27: error: Item "None" of "QItemSelectionModel | None" has no attribute "selectionChanged"  [union-attr]
dm_toolkit\gui\editor\logic_tree.py:49: error: Item "None" of "QStandardItem | None" has no attribute "rowCount"  [union-attr]
dm_toolkit\gui\editor\logic_tree.py:50: error: Item "None" of "QStandardItem | None" has no attribute "child"  [union-attr]
dm_toolkit\gui\editor\logic_tree.py:50: error: Item "None" of "QStandardItem | Any | None" has no attribute "index"  [union-attr]
dm_toolkit\gui\editor\logic_tree.py:104: error: Item "None" of "QMenu | None" has no attribute "addAction"  [union-attr]
dm_toolkit\gui\editor\logic_tree.py:106: error: Item "None" of "QMenu | None" has no attribute "addSeparator"  [union-attr]
dm_toolkit\gui\editor\logic_tree.py:111: error: Item "None" of "QMenu | None" has no attribute "addAction"  [union-attr]
dm_toolkit\gui\editor\logic_tree.py:117: error: Item "None" of "QMenu | None" has no attribute "addAction"  [union-attr]
dm_toolkit\gui\editor\logic_tree.py:150: error: Item "None" of "QMenu | None" has no attribute "addAction"  [union-attr]
dm_toolkit\gui\editor\logic_tree.py:152: error: Item "None" of "QMenu | None" has no attribute "addSeparator"  [union-attr]
dm_toolkit\gui\editor\logic_tree.py:157: error: Item "None" of "QMenu | None" has no attribute "addAction"  [union-attr]
dm_toolkit\gui\editor\logic_tree.py:162: error: Item "None" of "QMenu | None" has no attribute "addAction"  [union-attr]
dm_toolkit\gui\editor\logic_tree.py:174: error: Item "None" of "QWidget | None" has no attribute "mapToGlobal"  [union-attr]
dm_toolkit\gui\editor\logic_tree.py:245: error: Item "None" of "QStandardItem | None" has no attribute "rowCount"  [union-attr]
dm_toolkit\gui\editor\logic_tree.py:247: error: Item "None" of "QStandardItem | None" has no attribute "rowCount"  [union-attr]
dm_toolkit\gui\editor\logic_tree.py:248: error: Item "None" of "QStandardItem | None" has no attribute "child"  [union-attr]
dm_toolkit\gui\editor\logic_tree.py:249: error: Item "None" of "QStandardItem | Any | None" has no attribute "data"  [union-attr]
dm_toolkit\gui\editor\logic_tree.py:252: error: Item "None" of "QStandardItem | Any | None" has no attribute "rowCount"  [union-attr]
dm_toolkit\gui\editor\logic_tree.py:253: error: Item "None" of "QStandardItem | Any | None" has no attribute "child"  [union-attr]
dm_toolkit\gui\editor\logic_tree.py:255: error: Item "None" of "QStandardItem | Any | None" has no attribute "data"  [union-attr]
dm_toolkit\gui\editor\logic_tree.py:259: error: Item "None" of "QStandardItem | Any | None" has no attribute "data"  [union-attr]
dm_toolkit\gui\editor\logic_tree.py:261: error: Item "None" of "QStandardItem | Any | None" has no attribute "data"  [union-attr]
dm_toolkit\gui\editor\logic_tree.py:361: error: Item "None" of "QStandardItem | None" has no attribute "rowCount"  [union-attr]
dm_toolkit\gui\editor\logic_tree.py:367: error: Item "None" of "QStandardItem | None" has no attribute "appendRow"  [union-attr]
dm_toolkit\gui\editor\logic_tree.py:451: error: Item "None" of "QStandardItem | None" has no attribute "data"  [union-attr]
dm_toolkit\gui\editor\logic_tree.py:459: error: Item "None" of "QStandardItem | None" has no attribute "parent"  [union-attr]
dm_toolkit\gui\editor\logic_tree.py:476: error: Item "None" of "QStandardItem | None" has no attribute "data"  [union-attr]
dm_toolkit\gui\editor\logic_tree.py:484: error: Item "None" of "QStandardItem | None" has no attribute "parent"  [union-attr]
dm_toolkit\gui\editor\logic_tree.py:513: error: Item "None" of "QStandardItem | None" has no attribute "data"  [union-attr]
dm_toolkit\gui\editor\logic_tree.py:523: error: Item "None" of "QStandardItem | None" has no attribute "data"  [union-attr]
dm_toolkit\gui\editor\logic_tree.py:524: error: Item "None" of "QStandardItem | None" has no attribute "data"  [union-attr]
dm_toolkit\gui\editor\logic_tree.py:577: error: Need type annotation for "expanded_ids" (hint: "expanded_ids: set[<type>] = ...")  [var-annotated]
dm_toolkit\gui\editor\forms\reaction_form.py:118: error: Incompatible types in assignment (expression has type "bool", target has type "str")  [assignment]
dm_toolkit\gui\editor\forms\reaction_form.py:119: error: Incompatible types in assignment (expression has type "bool", target has type "str")  [assignment]
dm_toolkit\gui\editor\forms\reaction_form.py:120: error: Incompatible types in assignment (expression has type "int", target has type "str")  [assignment]
dm_toolkit\gui\editor\forms\card_form.py:138: error: Item "None" of "QAction | None" has no attribute "triggered"  [union-attr]
dm_toolkit\gui\editor\forms\card_form.py:141: error: Item "None" of "QAction | None" has no attribute "triggered"  [union-attr]
dm_toolkit\gui\editor\forms\card_form.py:144: error: Item "None" of "QAction | None" has no attribute "triggered"  [union-attr]
dm_toolkit\gui\editor\forms\card_form.py:147: error: Item "None" of "QAction | None" has no attribute "triggered"  [union-attr]
dm_toolkit\gui\editor\forms\parts\filter_widget.py:331: error: Incompatible types in assignment (expression has type "int", target has type "list[str]")  [assignment]
dm_toolkit\gui\editor\forms\parts\filter_widget.py:332: error: Incompatible types in assignment (expression has type "int", target has type "list[str]")  [assignment]
dm_toolkit\gui\editor\forms\parts\filter_widget.py:334: error: Incompatible types in assignment (expression has type "int", target has type "list[str]")  [assignment]
dm_toolkit\gui\editor\forms\parts\filter_widget.py:335: error: Incompatible types in assignment (expression has type "int", target has type "list[str]")  [assignment]
dm_toolkit\gui\editor\forms\parts\filter_widget.py:357: error: Incompatible types in assignment (expression has type "int", target has type "list[str]")  [assignment]
dm_toolkit\gui\editor\forms\parts\filter_widget.py:359: error: Incompatible types in assignment (expression has type "int", target has type "list[str]")  [assignment]
dm_toolkit\gui\editor\forms\command_form.py:336: error: Item "None" of "Any | None" has no attribute "row"  [union-attr]
dm_toolkit\gui\editor\forms\parts\condition_widget.py:138: error: "object" has no attribute "get"  [attr-defined]
dm_toolkit\gui\editor\forms\parts\condition_widget.py:139: error: "object" has no attribute "get"  [attr-defined]
dm_toolkit\gui\editor\forms\parts\condition_widget.py:141: error: "object" has no attribute "get"  [attr-defined]
dm_toolkit\gui\editor\forms\parts\condition_widget.py:142: error: "object" has no attribute "get"  [attr-defined]
dm_toolkit\gui\editor\forms\parts\condition_widget.py:144: error: "object" has no attribute "get"  [attr-defined]
dm_toolkit\gui\card_editor.py:105: error: Item "None" of "QItemSelectionModel | None" has no attribute "selectionChanged"  [union-attr]
dm_toolkit\gui\card_editor.py:136: error: Item "None" of "QStatusBar | None" has no attribute "showMessage"  [union-attr]
dm_toolkit\gui\card_editor.py:217: error: Item "None" of "QStandardItem | None" has no attribute "data"  [union-attr]
dm_toolkit\gui\card_editor.py:221: error: Item "None" of "QStandardItem | None" has no attribute "parent"  [union-attr]
dm_toolkit\gui\card_editor.py:223: error: Item "None" of "QStandardItem | None" has no attribute "parent"  [union-attr]
dm_toolkit\gui\card_editor.py:223: error: Item "None" of "QStandardItem | Any | None" has no attribute "parent"  [union-attr]
dm_toolkit\gui\card_editor.py:257: error: Item "None" of "QStandardItem | None" has no attribute "index"  [union-attr]
dm_toolkit\gui\card_editor.py:259: error: Item "None" of "QStandardItem | None" has no attribute "index"  [union-attr]
dm_toolkit\gui\card_editor.py:261: error: Item "None" of "QStandardItem | None" has no attribute "index"  [union-attr]
dm_toolkit\gui\card_editor.py:263: error: Item "None" of "QStandardItem | None" has no attribute "index"  [union-attr]
dm_toolkit\gui\card_editor.py:266: error: Item "None" of "QStandardItem | None" has no attribute "index"  [union-attr]
dm_toolkit\gui\card_editor.py:268: error: Item "None" of "QStandardItem | None" has no attribute "index"  [union-attr]
dm_toolkit\gui\card_editor.py:270: error: Item "None" of "QStandardItem | None" has no attribute "index"  [union-attr]
dm_toolkit\gui\card_editor.py:301: error: Item "None" of "QStandardItem | None" has no attribute "data"  [union-attr]
tests\unit\test_command_system.py:17: error: Need type annotation for "effects" (hint: "effects: list[<type>] = ...")  [var-annotated]
tests\gui\test_card_editor_v2.py:47: error: Module has no attribute "QStandardItem"  [attr-defined]
tests\gui\test_card_editor_v2.py:48: error: Module has no attribute "QStandardItemModel"  [attr-defined]
tests\gui\test_card_editor_io.py:59: error: "object" has no attribute "append"  [attr-defined]
python\tests\test_compat_layer.py:40: error: "AliasState" has no attribute "active_player"  [attr-defined]
python\tests\test_compat_layer.py:44: error: "AliasState" has no attribute "phase"  [attr-defined]
python\tests\test_compat_layer.py:79: error: "Action" has no attribute "slot_index"  [attr-defined]
python\tests\test_compat_layer.py:80: error: "Action" has no attribute "source_instance_id"  [attr-defined]
python\tests\test_compat_layer.py:86: error: "Action" has no attribute "slot_index"  [attr-defined]
python\tests\test_compat_layer.py:87: error: "Action" has no attribute "source_instance_id"  [attr-defined]
python\tests\test_compat_layer.py:94: error: Need type annotation for "card_db" (hint: "card_db: dict[<type>, <type>] = ...")  [var-annotated]
python\tests\test_compat_layer.py:103: error: Need type annotation for "card_db" (hint: "card_db: dict[<type>, <type>] = ...")  [var-annotated]
dm_toolkit\training\test_loop.py:16: error: Need type annotation for "card_db" (hint: "card_db: dict[<type>, <type>] = ...")  [var-annotated]
dm_toolkit\training\scenario_runner.py:62: error: "Collection[str]" has no attribute "get"  [attr-defined]
dm_toolkit\training\scenario_runner.py:63: error: "Collection[str]" has no attribute "get"  [attr-defined]
dm_toolkit\training\scenario_runner.py:64: error: "Collection[str]" has no attribute "get"  [attr-defined]
dm_toolkit\training\scenario_runner.py:65: error: "Collection[str]" has no attribute "get"  [attr-defined]
dm_toolkit\training\scenario_runner.py:66: error: "Collection[str]" has no attribute "get"  [attr-defined]
dm_toolkit\training\scenario_runner.py:67: error: "Collection[str]" has no attribute "get"  [attr-defined]
dm_toolkit\training\scenario_runner.py:68: error: "Collection[str]" has no attribute "get"  [attr-defined]
dm_toolkit\training\scenario_runner.py:69: error: "Collection[str]" has no attribute "get"  [attr-defined]
dm_toolkit\training\scenario_runner.py:70: error: "Collection[str]" has no attribute "get"  [attr-defined]
dm_toolkit\training\scenario_runner.py:72: error: Value of type "Collection[str]" is not indexable  [index]
dm_toolkit\training\collect_training_data.py:88: error: Argument 2 to "savez_compressed" has incompatible type "**dict[str, ndarray[tuple[Any, ...], dtype[floating[_32Bit]]]]"; expected "bool"  [arg-type]
dm_toolkit\ai\analytics\analyze.py:45: error: Need type annotation for "counts" (hint: "counts: dict[<type>, <type>] = ...")  [var-annotated]
dm_toolkit\ai\analytics\analyze.py:100: error: Need type annotation for "counts" (hint: "counts: dict[<type>, <type>] = ...")  [var-annotated]
tests\unit\test_dm_ai_module.py:23: error: Need type annotation for "card_db" (hint: "card_db: dict[<type>, <type>] = ...")  [var-annotated]
tests\scenarios\test_deck_evolution_cpp.py:22: error: Need type annotation for "effects" (hint: "effects: list[<type>] = ...")  [var-annotated]
tests\integration\test_just_diver_attack.py:101: error: Item "None" of "Any | None" has no attribute "type"  [union-attr]
tests\integration\test_just_diver.py:183: error: Item "None" of "Any | None" has no attribute "type"  [union-attr]
tests\integration\test_just_diver.py:204: error: Item "None" of "Any | None" has no attribute "type"  [union-attr]
tests\integration\test_integrated_mechanics.py:190: error: Item "None" of "Any | None" has no attribute "is_tapped"  [union-attr]
tests\integration\test_integrated_mechanics.py:230: error: Need type annotation for "ctx" (hint: "ctx: dict[<type>, <type>] = ...")  [var-annotated]
tests\integration\test_grant_keyword.py:94: error: Need type annotation for "ctx_map" (hint: "ctx_map: dict[<type>, <type>] = ...")  [var-annotated]
tests\integration\test_grant_keyword.py:190: error: Need type annotation for "ctx_map" (hint: "ctx_map: dict[<type>, <type>] = ...")  [var-annotated]
tests\integration\test_grant_keyword.py:193: error: Name "make_def" already defined on line 170  [no-redef]
tests\integration\test_engine_basics.py:19: error: "type[TestEngineBasics]" has no attribute "card_db"  [attr-defined]
tests\integration\test_engine_basics.py:20: error: "type[TestEngineBasics]" has no attribute "card_db"  [attr-defined]
tests\integration\test_engine_basics.py:23: error: "type[TestEngineBasics]" has no attribute "card_db"  [attr-defined]
tests\integration\test_engine_basics.py:34: error: "TestEngineBasics" has no attribute "card_db"  [attr-defined]
tests\integration\test_engine_basics.py:35: error: "TestEngineBasics" has no attribute "card_db"  [attr-defined]
tests\integration\test_engine_basics.py:40: error: "TestEngineBasics" has no attribute "card_db"  [attr-defined]
tests\integration\test_engine_basics.py:51: error: "TestEngineBasics" has no attribute "card_db"  [attr-defined]
tests\integration\test_engine_basics.py:64: error: "TestEngineBasics" has no attribute "card_db"  [attr-defined]
tests\integration\test_engine_basics.py:78: error: "TestEngineBasics" has no attribute "card_db"  [attr-defined]
tests\integration\test_engine_basics.py:90: error: "TestEngineBasics" has no attribute "card_db"  [attr-defined]
tests\integration\test_engine_basics.py:98: error: "TestEngineBasics" has no attribute "card_db"  [attr-defined]
tests\integration\test_engine_basics.py:111: error: "TestEngineBasics" has no attribute "card_db"  [attr-defined]
tests\integration\test_engine_basics.py:115: error: "TestEngineBasics" has no attribute "card_db"  [attr-defined]
tests\integration\test_engine_basics.py:121: error: "TestEngineBasics" has no attribute "card_db"  [attr-defined]
tests\integration\test_engine_basics.py:128: error: "TestEngineBasics" has no attribute "card_db"  [attr-defined]
tests\integration\test_engine_basics.py:131: error: "TestEngineBasics" has no attribute "card_db"  [attr-defined]
tests\integration\test_engine_basics.py:138: error: "TestEngineBasics" has no attribute "card_db"  [attr-defined]
tests\integration\test_engine_basics.py:157: error: "TestEngineBasics" has no attribute "card_db"  [attr-defined]
tests\integration\test_engine_basics.py:169: error: "TestEngineBasics" has no attribute "card_db"  [attr-defined]
tests\integration\test_engine_basics.py:177: error: "TestEngineBasics" has no attribute "card_db"  [attr-defined]
tests\integration\test_engine_basics.py:186: error: "TestEngineBasics" has no attribute "card_db"  [attr-defined]
tests\integration\test_engine_basics.py:192: error: "TestEngineBasics" has no attribute "card_db"  [attr-defined]
tests\integration\test_engine_basics.py:202: error: "TestEngineBasics" has no attribute "card_db"  [attr-defined]
tests\integration\test_engine_basics.py:213: error: "TestEngineBasics" has no attribute "card_db"  [attr-defined]
tests\integration\test_engine_basics.py:217: error: "TestEngineBasics" has no attribute "card_db"  [attr-defined]
tests\integration\test_engine_basics.py:219: error: "TestEngineBasics" has no attribute "card_db"  [attr-defined]
tests\integration\test_atomic_actions.py:69: error: Item "None" of "Any | None" has no attribute "is_tapped"  [union-attr]
tests\integration\test_atomic_actions.py:92: error: Item "None" of "Any | None" has no attribute "is_tapped"  [union-attr]
tests\integration\test_atomic_actions.py:216: error: Need type annotation for "ctx" (hint: "ctx: dict[<type>, <type>] = ...")  [var-annotated]
tests\gui\test_gui_json_integration.py:74: error: Module has no attribute "QStandardItemModel"  [attr-defined]
tests\gui\test_gui_json_integration.py:75: error: Module has no attribute "QStandardItem"  [attr-defined]
tests\gui\test_gui_json_integration.py:76: error: Module has no attribute "Qt"  [attr-defined]
tests\gui\test_gui_json_integration.py:103: error: Argument 1 to "CardDataManager" has incompatible type "MockQStandardItemModel"; expected "QStandardItemModel"  [arg-type]
scripts\python\verify_onnx_env.py:66: error: Argument 2 to "export" has incompatible type "Tensor"; expected "tuple[Any, ...]"  [arg-type]
scripts\python\verify_onnx_env.py:80: error: Need type annotation for "card_db" (hint: "card_db: dict[<type>, <type>] = ...")  [var-annotated]
dm_toolkit\training\network_v2.py:75: error: Returning Any from function declared to return "Tensor"  [no-any-return]
scripts\python\export_onnx.py:60: error: Argument 2 to "export" has incompatible type "Tensor"; expected "tuple[Any, ...]"  [arg-type]
dm_toolkit\training\verify_performance.py:29: error: Cannot find implementation or library stub for module named "scenario_definitions"  [import-not-found]
dm_toolkit\training\verify_performance.py:29: note: See https://mypy.readthedocs.io/en/stable/running_mypy.html#missing-imports
dm_toolkit\training\verify_performance.py:56: error: Incompatible types in assignment (expression has type "AlphaZeroNetwork", variable has type "NetworkV2")  [assignment]
dm_toolkit\training\train_simple.py:181: error: Incompatible types in assignment (expression has type "None", variable has type "Tensor")  [assignment]
dm_toolkit\training\train_simple.py:199: error: Incompatible types in assignment (expression has type "int | float", variable has type "int")  [assignment]
dm_toolkit\training\train_simple.py:226: error: Incompatible types in assignment (expression has type "AlphaZeroNetwork", variable has type "NetworkV2")  [assignment]
dm_toolkit\training\train_simple.py:336: error: Argument 2 to "export" has incompatible type "Tensor"; expected "tuple[Any, ...]"  [arg-type]
dm_toolkit\training\self_play.py:208: error: Need type annotation for "results_p1_pol" (hint: "results_p1_pol: list[<type>] = ...")  [var-annotated]
dm_toolkit\training\self_play.py:215: error: Incompatible types in assignment (expression has type "ndarray[tuple[Any, ...], dtype[Any]]", variable has type "list[Any]")  [assignment]
dm_toolkit\training\self_play.py:219: error: Need type annotation for "results_p2_pol" (hint: "results_p2_pol: list[<type>] = ...")  [var-annotated]
dm_toolkit\training\self_play.py:226: error: Incompatible types in assignment (expression has type "ndarray[tuple[Any, ...], dtype[Any]]", variable has type "list[Any]")  [assignment]
dm_toolkit\gui\simulation_dialog.py:107: error: "None" not callable  [misc]
tests\ai\test_transformer_training.py:37: error: Incompatible types in assignment (expression has type "ndarray[tuple[Any, ...], dtype[Any]]", variable has type "list[ndarray[tuple[Any, ...], dtype[signedinteger[_32Bit | _64Bit]]]]")  [assignment]
tests\ai\test_transformer_training.py:38: error: Incompatible types in assignment (expression has type "ndarray[tuple[Any, ...], dtype[float64]]", variable has type "list[ndarray[tuple[Any, ...], dtype[float64]]]")  [assignment]
tests\ai\test_transformer_training.py:39: error: Incompatible types in assignment (expression has type "ndarray[tuple[Any, ...], dtype[float64]]", variable has type "list[ndarray[tuple[Any, ...], dtype[float64]]]")  [assignment]
dm_toolkit\gui\app.py:374: error: Module "dm_toolkit.gui" has no attribute "scenario_editor"  [attr-defined]
dm_toolkit\gui\app.py:387: error: "GameWindow" has no attribute "build_civ_map"  [attr-defined]
dm_toolkit\gui\app.py:851: error: Item "_P" of "Any | _P" has no attribute "hand"  [union-attr]
dm_toolkit\gui\app.py:852: error: Item "_P" of "Any | _P" has no attribute "mana_zone"  [union-attr]
dm_toolkit\gui\app.py:853: error: Item "_P" of "Any | _P" has no attribute "battle_zone"  [union-attr]
dm_toolkit\gui\app.py:854: error: Item "_P" of "Any | _P" has no attribute "shield_zone"  [union-attr]
dm_toolkit\gui\app.py:855: error: Item "_P" of "Any | _P" has no attribute "graveyard"  [union-attr]
dm_toolkit\gui\app.py:856: error: Item "_P" of "Any | _P" has no attribute "deck"  [union-attr]
dm_toolkit\gui\app.py:858: error: Item "_P" of "Any | _P" has no attribute "hand"  [union-attr]
dm_toolkit\gui\app.py:859: error: Item "_P" of "Any | _P" has no attribute "mana_zone"  [union-attr]
dm_toolkit\gui\app.py:860: error: Item "_P" of "Any | _P" has no attribute "battle_zone"  [union-attr]
dm_toolkit\gui\app.py:861: error: Item "_P" of "Any | _P" has no attribute "shield_zone"  [union-attr]
dm_toolkit\gui\app.py:862: error: Item "_P" of "Any | _P" has no attribute "graveyard"  [union-attr]
dm_toolkit\gui\app.py:863: error: Item "_P" of "Any | _P" has no attribute "deck"  [union-attr]
Found 220 errors in 52 files (checked 171 source files)
