[DEBUG] bind_common enter
[DEBUG] calling bind_map for CardDatabase (DISABLED)
[DEBUG] bind_map skipped
[DEBUG] bind_common exit
Initializing Game for Card ID 1 Reproduction...
DEBUG: Native candidates: ['C:\\Users\\ichirou\\DM_simulation\\bin\\Release\\dm_ai_module.cp312-win_amd64.pyd', 'C:\\Users\\ichirou\\DM_simulation\\bin\\Release\\dm_ai_module.cp312-win_amd64.pyd', 'C:\\Users\\ichirou\\DM_simulation\\build-msvc\\Release\\dm_ai_module.cp312-win_amd64.pyd', 'C:\\Users\\ichirou\\DM_simulation\\build-msvc\\dm_ai_module.cp312-win_amd64.pyd']
DEBUG: Checking candidate: C:\Users\ichirou\DM_simulation\bin\Release\dm_ai_module.cp312-win_amd64.pyd
DEBUG: Found candidate at C:\Users\ichirou\DM_simulation\bin\Release\dm_ai_module.cp312-win_amd64.pyd, attempting load...
DEBUG: Successfully loaded native module from C:\Users\ichirou\DM_simulation\bin\Release\dm_ai_module.cp312-win_amd64.pyd
TypeError: Unregistered type : std::map<unsigned short,dm::core::CardDefinition,std::less<unsigned short>,std::allocator<std::pair<unsigned short const ,dm::core::CardDefinition> > >

The above exception was the direct cause of the following exception:

Traceback (most recent call last):
  File "C:\Users\ichirou\DM_simulation\scripts\repro_card_1.py", line 139, in <module>
    run_reproduction()
  File "C:\Users\ichirou\DM_simulation\scripts\repro_card_1.py", line 26, in run_reproduction
    card_db = JsonLoader.load_cards("data/cards.json")
              ^^^^^^^^^^^^^^^^^^^^^^^^^^^^^^^^^^^^^^^^
TypeError: Unable to convert function return value to a Python type! The signature was
	(arg0: str) -> std::map<unsigned short,dm::core::CardDefinition,std::less<unsigned short>,std::allocator<std::pair<unsigned short const ,dm::core::CardDefinition> > >

Did you forget to `#include <pybind11/stl.h>`? Or <pybind11/complex.h>,
<pybind11/functional.h>, <pybind11/chrono.h>, etc. Some automatic
conversions are optional and require extra headers to be included
when compiling your pybind11 module.
