dm_toolkit\command_builders.py:43: error: Function is missing a type annotation for one or more arguments  [no-untyped-def]
dm_toolkit\command_builders.py:75: error: Function is missing a type annotation for one or more arguments  [no-untyped-def]
dm_toolkit\command_builders.py:111: error: Function is missing a type annotation for one or more arguments  [no-untyped-def]
dm_toolkit\command_builders.py:137: error: Function is missing a type annotation for one or more arguments  [no-untyped-def]
dm_toolkit\command_builders.py:168: error: Function is missing a type annotation for one or more arguments  [no-untyped-def]
dm_toolkit\command_builders.py:195: error: Function is missing a type annotation for one or more arguments  [no-untyped-def]
dm_toolkit\command_builders.py:222: error: Function is missing a type annotation for one or more arguments  [no-untyped-def]
dm_toolkit\command_builders.py:255: error: Function is missing a type annotation for one or more arguments  [no-untyped-def]
dm_toolkit\command_builders.py:280: error: Function is missing a type annotation for one or more arguments  [no-untyped-def]
Found 9 errors in 1 file (checked 1 source file)
