dm_toolkit\compat_wrappers.py:130: error: Returning Any from function declared to return "str | None"  [no-any-return]
dm_toolkit\compat_wrappers.py:133: error: Returning Any from function declared to return "str | None"  [no-any-return]
dm_toolkit\command_builders.py:43: error: Function is missing a type annotation for one or more arguments  [no-untyped-def]
dm_toolkit\command_builders.py:75: error: Function is missing a type annotation for one or more arguments  [no-untyped-def]
dm_toolkit\command_builders.py:111: error: Function is missing a type annotation for one or more arguments  [no-untyped-def]
dm_toolkit\command_builders.py:137: error: Function is missing a type annotation for one or more arguments  [no-untyped-def]
dm_toolkit\command_builders.py:168: error: Function is missing a type annotation for one or more arguments  [no-untyped-def]
dm_toolkit\command_builders.py:195: error: Function is missing a type annotation for one or more arguments  [no-untyped-def]
dm_toolkit\command_builders.py:222: error: Function is missing a type annotation for one or more arguments  [no-untyped-def]
dm_toolkit\command_builders.py:255: error: Function is missing a type annotation for one or more arguments  [no-untyped-def]
dm_toolkit\command_builders.py:280: error: Function is missing a type annotation for one or more arguments  [no-untyped-def]
dm_toolkit\validator\card_validator.py:12: error: Function is missing a return type annotation  [no-untyped-def]
dm_toolkit\validator\card_validator.py:12: note: Use "-> None" if function does not return a value
dm_toolkit\validator\card_validator.py:148: error: Syntax error in type annotation  [syntax]
dm_toolkit\validator\card_validator.py:148: note: Suggestion: Use Tuple[T1, ..., Tn] instead of (T1, ..., Tn)
dm_toolkit\validator\card_validator.py:226: error: Function is missing a type annotation  [no-untyped-def]
dm_toolkit\debug\effect_tracer.py:32: error: Function is missing a return type annotation  [no-untyped-def]
dm_toolkit\debug\effect_tracer.py:32: note: Use "-> None" if function does not return a value
dm_toolkit\debug\effect_tracer.py:37: error: Function is missing a return type annotation  [no-untyped-def]
dm_toolkit\debug\effect_tracer.py:37: note: Use "-> None" if function does not return a value
dm_toolkit\debug\effect_tracer.py:44: error: Function is missing a return type annotation  [no-untyped-def]
dm_toolkit\debug\effect_tracer.py:44: note: Use "-> None" if function does not return a value
dm_toolkit\debug\effect_tracer.py:52: error: Function is missing a return type annotation  [no-untyped-def]
dm_toolkit\debug\effect_tracer.py:73: error: Function is missing a return type annotation  [no-untyped-def]
dm_toolkit\debug\effect_tracer.py:78: error: Function is missing a return type annotation  [no-untyped-def]
dm_toolkit\debug\effect_tracer.py:98: error: Function is missing a return type annotation  [no-untyped-def]
dm_toolkit\debug\effect_tracer.py:133: error: Function is missing a return type annotation  [no-untyped-def]
dm_toolkit\debug\effect_tracer.py:136: error: Function is missing a return type annotation  [no-untyped-def]
dm_toolkit\debug\effect_tracer.py:139: error: Function is missing a return type annotation  [no-untyped-def]
dm_toolkit\debug\effect_tracer.py:142: error: Function is missing a return type annotation  [no-untyped-def]
dm_toolkit\debug\effect_tracer.py:148: error: Function is missing a return type annotation  [no-untyped-def]
dm_toolkit\debug\effect_tracer.py:148: note: Use "-> None" if function does not return a value
dm_toolkit\action_to_command.py:54: error: Function is missing a type annotation  [no-untyped-def]
dm_toolkit\action_to_command.py:91: error: Returning Any from function declared to return "str | None"  [no-any-return]
dm_toolkit\action_to_command.py:102: error: Function is missing a return type annotation  [no-untyped-def]
dm_toolkit\action_to_command.py:112: error: Function is missing a return type annotation  [no-untyped-def]
dm_toolkit\action_to_command.py:121: error: Function is missing a return type annotation  [no-untyped-def]
dm_toolkit\action_to_command.py:184: error: Function is missing a return type annotation  [no-untyped-def]
dm_toolkit\action_to_command.py:295: error: "object" has no attribute "append"  [attr-defined]
dm_toolkit\action_to_command.py:297: error: "object" has no attribute "append"  [attr-defined]
dm_toolkit\action_to_command.py:458: error: Function is missing a return type annotation  [no-untyped-def]
dm_toolkit\action_to_command.py:494: error: Function is missing a type annotation  [no-untyped-def]
dm_toolkit\action_to_command.py:525: error: Function is missing a type annotation  [no-untyped-def]
dm_toolkit\action_to_command.py:589: error: Function is missing a type annotation  [no-untyped-def]
dm_toolkit\action_to_command.py:606: error: Function is missing a type annotation  [no-untyped-def]
dm_toolkit\action_to_command.py:650: error: Function is missing a type annotation  [no-untyped-def]
dm_toolkit\action_to_command.py:680: error: Function is missing a type annotation  [no-untyped-def]
dm_toolkit\action_to_command.py:724: error: Function is missing a type annotation  [no-untyped-def]
dm_toolkit\action_to_command.py:763: error: Function is missing a type annotation  [no-untyped-def]
dm_toolkit\action_to_command.py:795: error: Function is missing a type annotation  [no-untyped-def]
dm_toolkit\unified_execution.py:43: error: Name "ActionDef" already defined (possibly by an import)  [no-redef]
dm_toolkit\unified_execution.py:45: error: Name "CommandDef" already defined (possibly by an import)  [no-redef]
dm_toolkit\ai\agent\heuristic_agent.py:49: error: "type[ActionType]" has no attribute "BLOCK"  [attr-defined]
dm_toolkit\training\evolve_meta.py:20: error: Name "dm_ai_module" already defined (by an import)  [no-redef]
dm_toolkit\training\evolve_meta.py:33: error: Function is missing a type annotation  [no-untyped-def]
dm_toolkit\training\evolve_meta.py:36: error: Function is missing a type annotation  [no-untyped-def]
dm_toolkit\training\evolve_meta.py:78: error: Function is missing a return type annotation  [no-untyped-def]
dm_toolkit\training\evolve_meta.py:78: note: Use "-> None" if function does not return a value
dm_toolkit\training\evolve_meta.py:107: error: Function is missing a return type annotation  [no-untyped-def]
dm_toolkit\training\evolve_meta.py:146: error: Function is missing a return type annotation  [no-untyped-def]
dm_toolkit\training\evolve_meta.py:175: error: Function is missing a return type annotation  [no-untyped-def]
dm_toolkit\training\evolve_meta.py:242: error: Function is missing a return type annotation  [no-untyped-def]
dm_toolkit\training\evolve_meta.py:242: note: Use "-> None" if function does not return a value
dm_toolkit\training\evolve_meta.py:253: error: Function is missing a return type annotation  [no-untyped-def]
dm_toolkit\training\evolve_meta.py:253: note: Use "-> None" if function does not return a value
dm_toolkit\ai\agent\tokenization.py:157: error: Function is missing a type annotation  [no-untyped-def]
dm_toolkit\ai\agent\synergy.py:66: error: "Tensor" not callable  [operator]
dm_toolkit\ai\agent\synergy.py:119: error: Argument 2 to "embedding" has incompatible type "Tensor | Module"; expected "Tensor"  [arg-type]
dm_toolkit\commands.py:120: error: Returning Any from function declared to return "str"  [no-any-return]
dm_toolkit\commands.py:148: error: Need type annotation for "actions" (hint: "actions: list[<type>] = ...")  [var-annotated]
dm_toolkit\commands.py:179: error: Argument 1 to "append" of "list" has incompatible type "None"; expected "dict[str, Any]"  [arg-type]
dm_toolkit\commands.py:187: error: Argument 1 to "append" of "list" has incompatible type "None"; expected "dict[str, Any]"  [arg-type]
dm_toolkit\commands.py:189: error: List item 0 has incompatible type "None"; expected "dict[str, Any]"  [list-item]
dm_toolkit\commands.py:406: error: No overload variant of "get" of "dict" matches argument type "str"  [call-overload]
dm_toolkit\commands.py:406: note: Possible overload variants:
dm_toolkit\commands.py:406: note:     def get(self, int, None = ..., /) -> Any | None
dm_toolkit\commands.py:406: note:     def get(self, int, Any, /) -> Any
dm_toolkit\commands.py:406: note:     def [_T] get(self, int, _T, /) -> Any | _T
dm_toolkit\commands.py:516: error: No overload variant of "get" of "dict" matches argument type "str"  [call-overload]
dm_toolkit\commands.py:516: note: Possible overload variants:
dm_toolkit\commands.py:516: note:     def get(self, int, None = ..., /) -> Any | None
dm_toolkit\commands.py:516: note:     def get(self, int, Any, /) -> Any
dm_toolkit\commands.py:516: note:     def [_T] get(self, int, _T, /) -> Any | _T
dm_toolkit\commands.py:629: error: No overload variant of "get" of "dict" matches argument type "str"  [call-overload]
dm_toolkit\commands.py:629: note: Possible overload variants:
dm_toolkit\commands.py:629: note:     def get(self, int, None = ..., /) -> Any | None
dm_toolkit\commands.py:629: note:     def get(self, int, Any, /) -> Any
dm_toolkit\commands.py:629: note:     def [_T] get(self, int, _T, /) -> Any | _T
dm_toolkit\engine\compat.py:61: error: Returning Any from function declared to return "dict[str, Any]"  [no-any-return]
dm_toolkit\engine\compat.py:69: error: Returning Any from function declared to return "dict[str, Any]"  [no-any-return]
dm_toolkit\engine\compat.py:79: error: Returning Any from function declared to return "str"  [no-any-return]
dm_toolkit\engine\compat.py:316: error: Function is missing a type annotation  [no-untyped-def]
dm_toolkit\engine\compat.py:438: error: Incompatible types in assignment (expression has type "dict[str, Any]", target has type "str")  [assignment]
dm_toolkit\engine\compat.py:507: error: Argument 1 to "int" has incompatible type "Any | None"; expected "str | Buffer | SupportsInt | SupportsIndex | SupportsTrunc"  [arg-type]
dm_toolkit\engine\compat.py:532: error: Function is missing a type annotation  [no-untyped-def]
dm_toolkit\engine\compat.py:563: error: Function is missing a type annotation  [no-untyped-def]
dm_toolkit\engine\compat.py:659: error: Function is missing a type annotation  [no-untyped-def]
dm_toolkit\engine\compat.py:707: error: Function is missing a type annotation  [no-untyped-def]
dm_toolkit\engine\compat.py:767: error: Function is missing a return type annotation  [no-untyped-def]
dm_toolkit\engine\compat.py:842: error: Incompatible default for argument "card_db" (default has type "None", argument has type "dict[int, Any] | CardDatabase")  [assignment]
dm_toolkit\engine\compat.py:842: note: PEP 484 prohibits implicit Optional. Accordingly, mypy has changed its default to no_implicit_optional=True
dm_toolkit\engine\compat.py:842: note: Use https://github.com/hauntsaninja/no_implicit_optional to automatically upgrade your codebase
dm_toolkit\engine\compat.py:911: error: Function is missing a type annotation  [no-untyped-def]
dm_toolkit\engine\compat.py:1015: error: Need type annotation for "ctx" (hint: "ctx: dict[<type>, <type>] = ...")  [var-annotated]
dm_toolkit\engine\compat.py:1019: error: Function is missing a return type annotation  [no-untyped-def]
dm_toolkit\engine\compat.py:1103: error: Function is missing a return type annotation  [no-untyped-def]
dm_toolkit\engine\compat.py:1135: error: Function is missing a return type annotation  [no-untyped-def]
dm_toolkit\engine\compat.py:1135: error: Function is missing a type annotation for one or more arguments  [no-untyped-def]
dm_toolkit\engine\compat.py:1141: error: Function is missing a return type annotation  [no-untyped-def]
dm_toolkit\engine\compat.py:1158: error: Function is missing a return type annotation  [no-untyped-def]
dm_toolkit\engine\compat.py:1158: error: Function is missing a type annotation for one or more arguments  [no-untyped-def]
dm_toolkit\engine\compat.py:1287: error: Need type annotation for "cdef" (hint: "cdef: dict[<type>, <type>] = ...")  [var-annotated]
dm_toolkit\engine\compat.py:1293: error: No overload variant of "get" of "dict" matches argument type "str"  [call-overload]
dm_toolkit\engine\compat.py:1293: note: Possible overload variants:
dm_toolkit\engine\compat.py:1293: note:     def get(self, int, None = ..., /) -> Any | None
dm_toolkit\engine\compat.py:1293: note:     def get(self, int, Any, /) -> Any
dm_toolkit\engine\compat.py:1293: note:     def [_T] get(self, int, _T, /) -> Any | _T
dm_toolkit\engine\compat.py:1428: error: Returning Any from function declared to return "dict[int, Any]"  [no-any-return]
dm_toolkit\ai\agent\transformer_model.py:42: error: Incompatible types in assignment (expression has type "None", variable has type "SynergyGraph")  [assignment]
dm_toolkit\training\training_pipeline.py:37: error: Skipping analyzing "dm_toolkit.ai.agent.transformer_network": module is installed, but missing library stubs or py.typed marker  [import-untyped]
dm_toolkit\training\train_pbt.py:32: error: Skipping analyzing "dm_toolkit.training.train_simple": module is installed, but missing library stubs or py.typed marker  [import-untyped]
dm_toolkit\training\self_play.py:30: error: Argument 1 to "len" has incompatible type "dict[int, Any] | CardDatabase"; expected "Sized"  [arg-type]
dm_toolkit\training\self_play.py:59: error: Argument 1 to "len" has incompatible type "dict[int, Any] | CardDatabase"; expected "Sized"  [arg-type]
dm_toolkit\training\self_play.py:87: error: Item "CardDatabase" of "dict[int, Any] | CardDatabase" has no attribute "items"  [union-attr]
dm_toolkit\training\self_play.py:185: error: Item "CardDatabase" of "dict[int, Any] | CardDatabase" has no attribute "items"  [union-attr]
dm_toolkit\training\evolution_ecosystem.py:134: error: Incompatible types in assignment (expression has type "None", variable has type "Callable[[Any, dict[int, Any]], list[Any]]")  [assignment]
dm_toolkit\training\evolution_ecosystem.py:135: error: Function "generate_legal_commands" could always be true in boolean context  [truthy-function]
dm_toolkit\training\evolution_ecosystem.py:175: error: "type[ActionType]" has no attribute "MOVE_CARD"  [attr-defined]
dm_toolkit\training\evolution_ecosystem.py:199: error: "GameState" has no attribute "execute_command"  [attr-defined]
dm_toolkit\training\evolution_ecosystem.py:216: error: Argument 3 to "EffectResolver_resolve_action" of "EngineCompat" has incompatible type "None"; expected "dict[int, Any] | CardDatabase"  [arg-type]
dm_toolkit\ai\ga\evolve.py:91: error: Incompatible types in assignment (expression has type "None", variable has type "Callable[[Any, dict[int, Any]], list[Any]]")  [assignment]
dm_toolkit\ai\ga\evolve.py:94: error: Argument 2 to "generate_legal_commands" has incompatible type "dict[str, Any]"; expected "dict[int, Any]"  [arg-type]
dm_toolkit\ai\ga\evolve.py:94: error: Function "generate_legal_commands" could always be true in boolean context  [truthy-function]
dm_toolkit\ai\ga\evolve.py:103: error: "GameState" has no attribute "execute_command"  [attr-defined]
dm_toolkit\ai\ga\evolve.py:111: error: Argument 3 to "ExecuteCommand" of "EngineCompat" has incompatible type "dict[str, Any]"; expected "dict[int, Any] | CardDatabase"  [arg-type]
dm_toolkit\ai\ga\evolve.py:119: error: Argument 3 to "ExecuteCommand" of "EngineCompat" has incompatible type "dict[str, Any]"; expected "dict[int, Any] | CardDatabase"  [arg-type]
dm_toolkit\ai\ga\evolve.py:136: error: Argument 3 to "ExecuteCommand" of "EngineCompat" has incompatible type "dict[str, Any]"; expected "dict[int, Any] | CardDatabase"  [arg-type]
dm_toolkit\ai\analytics\deck_consistency.py:95: error: Incompatible types in assignment (expression has type "None", variable has type "Callable[[Any, dict[int, Any]], list[Any]]")  [assignment]
dm_toolkit\ai\analytics\deck_consistency.py:96: error: Argument 2 to "generate_legal_commands" has incompatible type "dict[int, Any] | CardDatabase"; expected "dict[int, Any]"  [arg-type]
dm_toolkit\ai\analytics\deck_consistency.py:96: error: Function "generate_legal_commands" could always be true in boolean context  [truthy-function]
dm_toolkit\ai\analytics\deck_consistency.py:148: error: Value of type "dict[int, Any] | CardDatabase" is not indexable  [index]
dm_toolkit\ai\analytics\deck_consistency.py:161: error: Name "state" is not defined  [name-defined]
dm_toolkit\ai\analytics\deck_consistency.py:161: error: Name "self" is not defined  [name-defined]
dm_toolkit\ai\agent\mcts.py:141: error: Argument 2 to "generate_legal_commands" has incompatible type "dict[str, Any]"; expected "dict[int, Any]"  [arg-type]
dm_toolkit\ai\agent\mcts.py:181: error: Argument 3 to "ExecuteCommand" of "EngineCompat" has incompatible type "dict[str, Any]"; expected "dict[int, Any] | CardDatabase"  [arg-type]
dm_toolkit\ai\agent\mcts.py:189: error: Argument 3 to "ExecuteCommand" of "EngineCompat" has incompatible type "dict[str, Any]"; expected "dict[int, Any] | CardDatabase"  [arg-type]
dm_toolkit\training\automation_loop.py:21: error: Skipping analyzing "dm_toolkit.training.train_simple": module is installed, but missing library stubs or py.typed marker  [import-untyped]
dm_toolkit\training\automation_loop.py:21: note: See https://mypy.readthedocs.io/en/stable/running_mypy.html#missing-imports
Found 120 errors in 21 files (checked 135 source files)
